<?xml version="1.0" encoding="UTF-8"?>
<!-- Generated by org.testng.reporters.JUnitXMLReporter -->
<testsuite ignored="0" hostname="LAPTOP-05E6DIDR" failures="0" tests="4" name="Default test" time="6.272" errors="0" timestamp="2024-11-19T12:22:24 IST">
  <testcase classname="org.internship.testcases.AdminDashboardTest" name="addproject" time="1.091"/>
  <testcase classname="org.internship.testcases.AdminDashboardTest" name="dashboard" time="0.05"/>
  <testcase classname="org.internship.testcases.AdminDashboardTest" name="logout" time="0.047"/>
  <testcase classname="org.internship.testcases.AdminDashboardTest" name="mentor" time="0.044"/>
</testsuite> <!-- Default test -->
