<?xml version="1.0" encoding="UTF-8"?>
<testng-results ignored="0" total="18" passed="17" failed="1" skipped="0">
  <reporter-output>
  </reporter-output>
  <suite started-at="2024-11-24T22:26:38 IST" name="Suite" finished-at="2024-11-24T22:27:06 IST" duration-ms="27855">
    <groups>
    </groups>
    <test started-at="2024-11-24T22:26:38 IST" name="Test" finished-at="2024-11-24T22:27:06 IST" duration-ms="27855">
      <class name="org.internship.testcases.AdminDashboardTest">
        <test-method is-config="true" signature="testSetUp()[pri:0, instance:org.internship.testcases.AdminDashboardTest@bcec361]" started-at="2024-11-24T22:26:53 IST" name="testSetUp" finished-at="2024-11-24T22:26:56 IST" duration-ms="2823" status="PASS">
          <reporter-output>
          </reporter-output>
        </test-method> <!-- testSetUp -->
        <test-method is-config="true" signature="setup()[pri:0, instance:org.internship.testcases.AdminDashboardTest@bcec361]" started-at="2024-11-24T22:26:56 IST" name="setup" finished-at="2024-11-24T22:26:57 IST" duration-ms="1014" status="PASS">
          <reporter-output>
          </reporter-output>
        </test-method> <!-- setup -->
        <test-method signature="addproject()[pri:1, instance:org.internship.testcases.AdminDashboardTest@bcec361]" started-at="2024-11-24T22:26:57 IST" name="addproject" finished-at="2024-11-24T22:26:58 IST" duration-ms="1120" status="PASS">
          <reporter-output>
          </reporter-output>
        </test-method> <!-- addproject -->
        <test-method signature="epb()[pri:2, instance:org.internship.testcases.AdminDashboardTest@bcec361]" started-at="2024-11-24T22:26:58 IST" name="epb" finished-at="2024-11-24T22:27:00 IST" duration-ms="2167" status="PASS">
          <reporter-output>
          </reporter-output>
        </test-method> <!-- epb -->
        <test-method signature="db()[pri:3, instance:org.internship.testcases.AdminDashboardTest@bcec361]" started-at="2024-11-24T22:27:00 IST" name="db" finished-at="2024-11-24T22:27:00 IST" duration-ms="43" status="PASS">
          <reporter-output>
          </reporter-output>
        </test-method> <!-- db -->
        <test-method signature="logout()[pri:4, instance:org.internship.testcases.AdminDashboardTest@bcec361]" started-at="2024-11-24T22:27:00 IST" name="logout" finished-at="2024-11-24T22:27:00 IST" duration-ms="43" status="PASS">
          <reporter-output>
          </reporter-output>
        </test-method> <!-- logout -->
        <test-method signature="dashboard()[pri:5, instance:org.internship.testcases.AdminDashboardTest@bcec361]" started-at="2024-11-24T22:27:00 IST" name="dashboard" finished-at="2024-11-24T22:27:00 IST" duration-ms="37" status="PASS">
          <reporter-output>
          </reporter-output>
        </test-method> <!-- dashboard -->
        <test-method signature="mentor()[pri:6, instance:org.internship.testcases.AdminDashboardTest@bcec361]" started-at="2024-11-24T22:27:00 IST" name="mentor" finished-at="2024-11-24T22:27:00 IST" duration-ms="41" status="PASS">
          <reporter-output>
          </reporter-output>
        </test-method> <!-- mentor -->
        <test-method signature="adproject()[pri:7, instance:org.internship.testcases.AdminDashboardTest@bcec361]" started-at="2024-11-24T22:27:00 IST" name="adproject" finished-at="2024-11-24T22:27:05 IST" duration-ms="5056" status="PASS">
          <reporter-output>
          </reporter-output>
        </test-method> <!-- adproject -->
        <test-method signature="addmentor()[pri:8, instance:org.internship.testcases.AdminDashboardTest@bcec361]" started-at="2024-11-24T22:27:05 IST" name="addmentor" finished-at="2024-11-24T22:27:05 IST" duration-ms="52" status="FAIL">
          <exception class="org.openqa.selenium.InvalidSelectorException">
            <message>
              <![CDATA[invalid selector
from javascript error: {"status":32,"value":"Unable to locate an element with the xpath expression //*[@id=\"root\"]/div/div[2]/div/div/div[2]/a[2]/ul/li/div] because of the following error:\nSyntaxError: Failed to execute 'evaluate' on 'Document': The string '//*[@id=\"root\"]/div/div[2]/div/div/div[2]/a[2]/ul/li/div]' is not a valid XPath expression."}
  (Session info: chrome=131.0.6778.86)
For documentation on this error, please visit: https://www.selenium.dev/documentation/webdriver/troubleshooting/errors#invalid-selector-exception
Build info: version: '4.26.0', revision: '8ccf0219d7'
System info: os.name: 'Windows 11', os.arch: 'amd64', os.version: '10.0', java.version: '22.0.1'
Driver info: org.openqa.selenium.chrome.ChromeDriver
Command: [4a9af2bbdf91f49cf49f408028ff1cc7, findElement {using=xpath, value=//*[@id="root"]/div/div[2]/div/div/div[2]/a[2]/ul/li/div]}]
Capabilities {acceptInsecureCerts: false, browserName: chrome, browserVersion: 131.0.6778.86, chrome: {chromedriverVersion: 131.0.6778.85 (3d81e41b6f3a..., userDataDir: C:\Users\rcben\AppData\Loca...}, fedcm:accounts: true, goog:chromeOptions: {debuggerAddress: localhost:63770}, networkConnectionEnabled: false, pageLoadStrategy: normal, platformName: windows, proxy: Proxy(), se:cdp: ws://localhost:63770/devtoo..., se:cdpVersion: 131.0.6778.86, setWindowRect: true, strictFileInteractability: false, timeouts: {implicit: 0, pageLoad: 300000, script: 30000}, unhandledPromptBehavior: dismiss and notify, webauthn:extension:credBlob: true, webauthn:extension:largeBlob: true, webauthn:extension:minPinLength: true, webauthn:extension:prf: true, webauthn:virtualAuthenticators: true}
Session ID: 4a9af2bbdf91f49cf49f408028ff1cc7]]>
            </message>
            <full-stacktrace>
              <![CDATA[org.openqa.selenium.InvalidSelectorException: invalid selector
from javascript error: {"status":32,"value":"Unable to locate an element with the xpath expression //*[@id=\"root\"]/div/div[2]/div/div/div[2]/a[2]/ul/li/div] because of the following error:\nSyntaxError: Failed to execute 'evaluate' on 'Document': The string '//*[@id=\"root\"]/div/div[2]/div/div/div[2]/a[2]/ul/li/div]' is not a valid XPath expression."}
  (Session info: chrome=131.0.6778.86)
For documentation on this error, please visit: https://www.selenium.dev/documentation/webdriver/troubleshooting/errors#invalid-selector-exception
Build info: version: '4.26.0', revision: '8ccf0219d7'
System info: os.name: 'Windows 11', os.arch: 'amd64', os.version: '10.0', java.version: '22.0.1'
Driver info: org.openqa.selenium.chrome.ChromeDriver
Command: [4a9af2bbdf91f49cf49f408028ff1cc7, findElement {using=xpath, value=//*[@id="root"]/div/div[2]/div/div/div[2]/a[2]/ul/li/div]}]
Capabilities {acceptInsecureCerts: false, browserName: chrome, browserVersion: 131.0.6778.86, chrome: {chromedriverVersion: 131.0.6778.85 (3d81e41b6f3a..., userDataDir: C:\Users\rcben\AppData\Loca...}, fedcm:accounts: true, goog:chromeOptions: {debuggerAddress: localhost:63770}, networkConnectionEnabled: false, pageLoadStrategy: normal, platformName: windows, proxy: Proxy(), se:cdp: ws://localhost:63770/devtoo..., se:cdpVersion: 131.0.6778.86, setWindowRect: true, strictFileInteractability: false, timeouts: {implicit: 0, pageLoad: 300000, script: 30000}, unhandledPromptBehavior: dismiss and notify, webauthn:extension:credBlob: true, webauthn:extension:largeBlob: true, webauthn:extension:minPinLength: true, webauthn:extension:prf: true, webauthn:virtualAuthenticators: true}
Session ID: 4a9af2bbdf91f49cf49f408028ff1cc7
at java.base/jdk.internal.reflect.DirectConstructorHandleAccessor.newInstance(DirectConstructorHandleAccessor.java:62)
at java.base/java.lang.reflect.Constructor.newInstanceWithCaller(Constructor.java:502)
at java.base/java.lang.reflect.Constructor.newInstance(Constructor.java:486)
at org.openqa.selenium.remote.ErrorCodec.decode(ErrorCodec.java:167)
at org.openqa.selenium.remote.codec.w3c.W3CHttpResponseCodec.decode(W3CHttpResponseCodec.java:138)
at org.openqa.selenium.remote.codec.w3c.W3CHttpResponseCodec.decode(W3CHttpResponseCodec.java:50)
at org.openqa.selenium.remote.HttpCommandExecutor.execute(HttpCommandExecutor.java:190)
at org.openqa.selenium.remote.service.DriverCommandExecutor.invokeExecute(DriverCommandExecutor.java:216)
at org.openqa.selenium.remote.service.DriverCommandExecutor.execute(DriverCommandExecutor.java:174)
at org.openqa.selenium.remote.RemoteWebDriver.execute(RemoteWebDriver.java:545)
at org.openqa.selenium.remote.ElementLocation$ElementFinder$2.findElement(ElementLocation.java:165)
at org.openqa.selenium.remote.ElementLocation.findElement(ElementLocation.java:59)
at org.openqa.selenium.remote.RemoteWebDriver.findElement(RemoteWebDriver.java:368)
at org.openqa.selenium.remote.RemoteWebDriver.findElement(RemoteWebDriver.java:362)
at org.internship.pages.AdminDashboardPage.addmentor(AdminDashboardPage.java:53)
at org.internship.testcases.AdminDashboardTest.addmentor(AdminDashboardTest.java:69)
at java.base/jdk.internal.reflect.DirectMethodHandleAccessor.invoke(DirectMethodHandleAccessor.java:103)
at java.base/java.lang.reflect.Method.invoke(Method.java:580)
at org.testng.internal.invokers.MethodInvocationHelper.invokeMethod(MethodInvocationHelper.java:141)
at org.testng.internal.invokers.TestInvoker.invokeMethod(TestInvoker.java:686)
at org.testng.internal.invokers.TestInvoker.invokeTestMethod(TestInvoker.java:230)
at org.testng.internal.invokers.MethodRunner.runInSequence(MethodRunner.java:63)
at org.testng.internal.invokers.TestInvoker$MethodInvocationAgent.invoke(TestInvoker.java:992)
at org.testng.internal.invokers.TestInvoker.invokeTestMethods(TestInvoker.java:203)
at org.testng.internal.invokers.TestMethodWorker.invokeTestMethods(TestMethodWorker.java:154)
at org.testng.internal.invokers.TestMethodWorker.run(TestMethodWorker.java:134)
at java.base/java.util.ArrayList.forEach(ArrayList.java:1597)
at org.testng.TestRunner.privateRun(TestRunner.java:739)
at org.testng.TestRunner.run(TestRunner.java:614)
at org.testng.SuiteRunner.runTest(SuiteRunner.java:421)
at org.testng.SuiteRunner.runSequentially(SuiteRunner.java:413)
at org.testng.SuiteRunner.privateRun(SuiteRunner.java:373)
at org.testng.SuiteRunner.run(SuiteRunner.java:312)
at org.testng.SuiteRunnerWorker.runSuite(SuiteRunnerWorker.java:52)
at org.testng.SuiteRunnerWorker.run(SuiteRunnerWorker.java:95)
at org.testng.TestNG.runSuitesSequentially(TestNG.java:1274)
at org.testng.TestNG.runSuitesLocally(TestNG.java:1208)
at org.testng.TestNG.runSuites(TestNG.java:1112)
at org.testng.TestNG.run(TestNG.java:1079)
at org.testng.remote.AbstractRemoteTestNG.run(AbstractRemoteTestNG.java:115)
at org.testng.remote.RemoteTestNG.initAndRun(RemoteTestNG.java:293)
at org.testng.remote.RemoteTestNG.main(RemoteTestNG.java:91)
]]>
            </full-stacktrace>
          </exception> <!-- org.openqa.selenium.InvalidSelectorException -->
          <reporter-output>
          </reporter-output>
        </test-method> <!-- addmentor -->
        <test-method is-config="true" signature="close()[pri:0, instance:org.internship.testcases.AdminDashboardTest@bcec361]" started-at="2024-11-24T22:27:05 IST" name="close" finished-at="2024-11-24T22:27:06 IST" duration-ms="143" status="PASS">
          <reporter-output>
          </reporter-output>
        </test-method> <!-- close -->
      </class> <!-- org.internship.testcases.AdminDashboardTest -->
      <class name="org.internship.testcases.HomeTest">
        <test-method is-config="true" signature="testSetUp()[pri:0, instance:org.internship.testcases.HomeTest@4e08711f]" started-at="2024-11-24T22:26:50 IST" name="testSetUp" finished-at="2024-11-24T22:26:52 IST" duration-ms="2805" status="PASS">
          <reporter-output>
          </reporter-output>
        </test-method> <!-- testSetUp -->
        <test-method signature="verifyLoginButton()[pri:1, instance:org.internship.testcases.HomeTest@4e08711f]" started-at="2024-11-24T22:26:52 IST" name="verifyLoginButton" finished-at="2024-11-24T22:26:53 IST" duration-ms="110" status="PASS">
          <reporter-output>
          </reporter-output>
        </test-method> <!-- verifyLoginButton -->
        <test-method is-config="true" signature="setUp()[pri:0, instance:org.internship.testcases.HomeTest@4e08711f]" started-at="2024-11-24T22:26:52 IST" name="setUp" finished-at="2024-11-24T22:26:52 IST" duration-ms="0" status="PASS">
          <reporter-output>
          </reporter-output>
        </test-method> <!-- setUp -->
        <test-method signature="joinusbtn()[pri:2, instance:org.internship.testcases.HomeTest@4e08711f]" started-at="2024-11-24T22:26:53 IST" name="joinusbtn" finished-at="2024-11-24T22:26:53 IST" duration-ms="106" status="PASS">
          <reporter-output>
          </reporter-output>
        </test-method> <!-- joinusbtn -->
        <test-method signature="logo()[pri:3, instance:org.internship.testcases.HomeTest@4e08711f]" started-at="2024-11-24T22:26:53 IST" name="logo" finished-at="2024-11-24T22:26:53 IST" duration-ms="87" status="PASS">
          <reporter-output>
          </reporter-output>
        </test-method> <!-- logo -->
        <test-method signature="welmsg()[pri:4, instance:org.internship.testcases.HomeTest@4e08711f]" started-at="2024-11-24T22:26:53 IST" name="welmsg" finished-at="2024-11-24T22:26:53 IST" duration-ms="57" status="PASS">
          <reporter-output>
          </reporter-output>
        </test-method> <!-- welmsg -->
        <test-method is-config="true" signature="close()[pri:0, instance:org.internship.testcases.HomeTest@4e08711f]" started-at="2024-11-24T22:26:53 IST" name="close" finished-at="2024-11-24T22:26:53 IST" duration-ms="118" status="PASS">
          <reporter-output>
          </reporter-output>
        </test-method> <!-- close -->
      </class> <!-- org.internship.testcases.HomeTest -->
      <class name="org.internship.testcases.LoginTest">
        <test-method is-config="true" signature="testSetUp()[pri:0, instance:org.internship.testcases.LoginTest@7c6908d7]" started-at="2024-11-24T22:26:38 IST" name="testSetUp" finished-at="2024-11-24T22:26:41 IST" duration-ms="3745" status="PASS">
          <reporter-output>
          </reporter-output>
        </test-method> <!-- testSetUp -->
        <test-method is-config="true" signature="setUp()[pri:0, instance:org.internship.testcases.LoginTest@7c6908d7]" started-at="2024-11-24T22:26:41 IST" name="setUp" finished-at="2024-11-24T22:26:41 IST" duration-ms="9" status="PASS">
          <reporter-output>
          </reporter-output>
        </test-method> <!-- setUp -->
        <test-method signature="posLogina()[pri:1, instance:org.internship.testcases.LoginTest@7c6908d7]" started-at="2024-11-24T22:26:41 IST" name="posLogina" finished-at="2024-11-24T22:26:45 IST" duration-ms="3286" status="PASS">
          <reporter-output>
          </reporter-output>
        </test-method> <!-- posLogina -->
        <test-method signature="posLoginM()[pri:2, instance:org.internship.testcases.LoginTest@7c6908d7]" started-at="2024-11-24T22:26:45 IST" name="posLoginM" finished-at="2024-11-24T22:26:47 IST" duration-ms="2050" status="PASS">
          <reporter-output>
          </reporter-output>
        </test-method> <!-- posLoginM -->
        <test-method signature="blank()[pri:3, instance:org.internship.testcases.LoginTest@7c6908d7]" started-at="2024-11-24T22:26:47 IST" name="blank" finished-at="2024-11-24T22:26:48 IST" duration-ms="726" status="PASS">
          <reporter-output>
          </reporter-output>
        </test-method> <!-- blank -->
        <test-method signature="neglogin()[pri:4, instance:org.internship.testcases.LoginTest@7c6908d7]" started-at="2024-11-24T22:26:48 IST" name="neglogin" finished-at="2024-11-24T22:26:48 IST" duration-ms="770" status="PASS">
          <reporter-output>
          </reporter-output>
        </test-method> <!-- neglogin -->
        <test-method signature="pass()[pri:5, instance:org.internship.testcases.LoginTest@7c6908d7]" started-at="2024-11-24T22:26:48 IST" name="pass" finished-at="2024-11-24T22:26:49 IST" duration-ms="520" status="PASS">
          <reporter-output>
          </reporter-output>
        </test-method> <!-- pass -->
        <test-method signature="email()[pri:6, instance:org.internship.testcases.LoginTest@7c6908d7]" started-at="2024-11-24T22:26:49 IST" name="email" finished-at="2024-11-24T22:26:50 IST" duration-ms="649" status="PASS">
          <reporter-output>
          </reporter-output>
        </test-method> <!-- email -->
        <test-method is-config="true" signature="close()[pri:0, instance:org.internship.testcases.LoginTest@7c6908d7]" started-at="2024-11-24T22:26:50 IST" name="close" finished-at="2024-11-24T22:26:50 IST" duration-ms="138" status="PASS">
          <reporter-output>
          </reporter-output>
        </test-method> <!-- close -->
      </class> <!-- org.internship.testcases.LoginTest -->
    </test> <!-- Test -->
  </suite> <!-- Suite -->
</testng-results>
